<?xml version="1.0" encoding="UTF-8"?>
<testng-results ignored="0" total="1" passed="1" failed="0" skipped="0">
  <reporter-output>
  </reporter-output>
  <suite started-at="2025-01-11T13:42:06 CST" name="Default suite" finished-at="2025-01-11T13:42:19 CST" duration-ms="13089">
    <groups>
    </groups>
    <test started-at="2025-01-11T13:42:06 CST" name="Default test" finished-at="2025-01-11T13:42:19 CST" duration-ms="13089">
      <class name="test.LoginTest">
        <test-method signature="validUserShouldBeAbleToLogin()[pri:0, instance:test.LoginTest@2a7f1f10]" started-at="2025-01-11T13:42:06 CST" name="validUserShouldBeAbleToLogin" finished-at="2025-01-11T13:42:19 CST" duration-ms="13057" status="PASS">
          <reporter-output>
          </reporter-output>
        </test-method> <!-- validUserShouldBeAbleToLogin -->
      </class> <!-- test.LoginTest -->
    </test> <!-- Default test -->
  </suite> <!-- Default suite -->
</testng-results>
