<?xml version="1.0" encoding="UTF-8"?>
<testng-results ignored="0" total="1" passed="1" failed="0" skipped="0">
  <reporter-output>
  </reporter-output>
  <suite started-at="2025-01-13T14:01:10 CST" name="Default suite" finished-at="2025-01-13T14:01:24 CST" duration-ms="13947">
    <groups>
    </groups>
    <test started-at="2025-01-13T14:01:10 CST" name="Default test" finished-at="2025-01-13T14:01:24 CST" duration-ms="13947">
      <class name="test.AddCustomerTest">
        <test-method signature="validUserShouldBeAbleToAddCustomer()[pri:0, instance:test.AddCustomerTest@2a7f1f10]" started-at="2025-01-13T14:01:10 CST" name="validUserShouldBeAbleToAddCustomer" finished-at="2025-01-13T14:01:24 CST" duration-ms="13912" status="PASS">
          <reporter-output>
          </reporter-output>
        </test-method> <!-- validUserShouldBeAbleToAddCustomer -->
      </class> <!-- test.AddCustomerTest -->
    </test> <!-- Default test -->
  </suite> <!-- Default suite -->
</testng-results>
